<?xml version="1.0" encoding="UTF-8"?>
<!-- Generated by org.testng.reporters.JUnitReportReporter -->
<testsuite hostname="MSI" failures="0" tests="1" name="com.automation.tests.SauceNavigationTest" time="7.075" errors="0" timestamp="06 Nov 2021 17:49:25 GMT" skipped="0">
  <testcase classname="com.automation.tests.SauceNavigationTest" name="verifyUserCanNavigateToProductDetailPageFromHomePage" time="7.075"/>
</testsuite> <!-- com.automation.tests.SauceNavigationTest -->
