<?xml version="1.0" encoding="UTF-8"?>
<!-- Generated by org.testng.reporters.JUnitReportReporter -->
<testsuite hostname="MSI" failures="0" tests="2" name="com.automation.tests.SauceLoginTest" time="7.342" errors="0" timestamp="06 Nov 2021 18:02:53 GMT" skipped="0">
  <testcase classname="com.automation.tests.SauceLoginTest" name="verifyUserCanAbleToLogin" time="3.163"/>
  <testcase classname="com.automation.tests.SauceLoginTest" name="verifyUserCannotDoLoginWithInvalidCred" time="4.179"/>
</testsuite> <!-- com.automation.tests.SauceLoginTest -->
