<?xml version="1.0" encoding="UTF-8"?>
<!-- Generated by org.testng.reporters.JUnitReportReporter -->
<testsuite hostname="MSI" failures="0" tests="1" name="com.automation.tests.SauceNavigationTest" time="4.058" errors="0" timestamp="06 Nov 2021 18:16:28 GMT" skipped="0">
  <testcase classname="com.automation.tests.SauceNavigationTest" name="verifyUserCanNavigateToProductDetailPageFromHomePage" time="4.058"/>
</testsuite> <!-- com.automation.tests.SauceNavigationTest -->
