<?xml version="1.0" encoding="UTF-8"?>
<!-- Generated by org.testng.reporters.JUnitReportReporter -->
<testsuite hostname="MSI" failures="0" tests="2" name="com.automation.tests.SauceLoginTest" time="6.037" errors="0" timestamp="06 Nov 2021 18:16:28 GMT" skipped="0">
  <testcase classname="com.automation.tests.SauceLoginTest" name="verifyUserCanAbleToLogin" time="2.929"/>
  <testcase classname="com.automation.tests.SauceLoginTest" name="verifyUserCannotDoLoginWithInvalidCred" time="3.108"/>
</testsuite> <!-- com.automation.tests.SauceLoginTest -->
